This is pdfTeX, Version 3.14159265-2.6-1.40.17 (TeX Live 2016) (preloaded format=pdflatex 2016.11.24)  21 MAY 2021 14:57
entering extended mode
 restricted \write18 enabled.
 file:line:error style messages enabled.
 %&-line parsing enabled.
**PythonCodeDocumentation.tex
(./PythonCodeDocumentation.tex
LaTeX2e <2016/03/31>
Babel <3.9r> and hyphenation patterns for 83 language(s) loaded.
(/usr/local/texlive/2016/texmf-dist/tex/latex/base/article.cls
Document Class: article 2014/09/29 v1.4h Standard LaTeX document class
(/usr/local/texlive/2016/texmf-dist/tex/latex/base/size10.clo
File: size10.clo 2014/09/29 v1.4h Standard LaTeX file (size option)
)
\c@part=\count79
\c@section=\count80
\c@subsection=\count81
\c@subsubsection=\count82
\c@paragraph=\count83
\c@subparagraph=\count84
\c@figure=\count85
\c@table=\count86
\abovecaptionskip=\skip41
\belowcaptionskip=\skip42
\bibindent=\dimen102
)
(/usr/local/texlive/2016/texmf-dist/tex/latex/amsmath/amsmath.sty
Package: amsmath 2016/03/10 v2.15b AMS math features
\@mathmargin=\skip43

For additional information on amsmath, use the `?' option.
(/usr/local/texlive/2016/texmf-dist/tex/latex/amsmath/amstext.sty
Package: amstext 2000/06/29 v2.01 AMS text

(/usr/local/texlive/2016/texmf-dist/tex/latex/amsmath/amsgen.sty
File: amsgen.sty 1999/11/30 v2.0 generic functions
\@emptytoks=\toks14
\ex@=\dimen103
))
(/usr/local/texlive/2016/texmf-dist/tex/latex/amsmath/amsbsy.sty
Package: amsbsy 1999/11/29 v1.2d Bold Symbols
\pmbraise@=\dimen104
)
(/usr/local/texlive/2016/texmf-dist/tex/latex/amsmath/amsopn.sty
Package: amsopn 2016/03/08 v2.02 operator names
)
\inf@bad=\count87
LaTeX Info: Redefining \frac on input line 199.
\uproot@=\count88
\leftroot@=\count89
LaTeX Info: Redefining \overline on input line 297.
\classnum@=\count90
\DOTSCASE@=\count91
LaTeX Info: Redefining \ldots on input line 394.
LaTeX Info: Redefining \dots on input line 397.
LaTeX Info: Redefining \cdots on input line 518.
\Mathstrutbox@=\box26
\strutbox@=\box27
\big@size=\dimen105
LaTeX Font Info:    Redeclaring font encoding OML on input line 634.
LaTeX Font Info:    Redeclaring font encoding OMS on input line 635.
\macc@depth=\count92
\c@MaxMatrixCols=\count93
\dotsspace@=\muskip10
\c@parentequation=\count94
\dspbrk@lvl=\count95
\tag@help=\toks15
\row@=\count96
\column@=\count97
\maxfields@=\count98
\andhelp@=\toks16
\eqnshift@=\dimen106
\alignsep@=\dimen107
\tagshift@=\dimen108
\tagwidth@=\dimen109
\totwidth@=\dimen110
\lineht@=\dimen111
\@envbody=\toks17
\multlinegap=\skip44
\multlinetaggap=\skip45
\mathdisplay@stack=\toks18
LaTeX Info: Redefining \[ on input line 2739.
LaTeX Info: Redefining \] on input line 2740.
)
(/usr/local/texlive/2016/texmf-dist/tex/latex/amsfonts/amsfonts.sty
Package: amsfonts 2013/01/14 v3.01 Basic AMSFonts support
\symAMSa=\mathgroup4
\symAMSb=\mathgroup5
LaTeX Font Info:    Overwriting math alphabet `\mathfrak' in version `bold'
(Font)                  U/euf/m/n --> U/euf/b/n on input line 106.
)
(/usr/local/texlive/2016/texmf-dist/tex/latex/amsfonts/amssymb.sty
Package: amssymb 2013/01/14 v3.01 AMS font symbols
)
(/usr/local/texlive/2016/texmf-dist/tex/latex/amscls/amsthm.sty
Package: amsthm 2015/03/04 v2.20.2
\thm@style=\toks19
\thm@bodyfont=\toks20
\thm@headfont=\toks21
\thm@notefont=\toks22
\thm@headpunct=\toks23
\thm@preskip=\skip46
\thm@postskip=\skip47
\thm@headsep=\skip48
\dth@everypar=\toks24
)
(/usr/local/texlive/2016/texmf-dist/tex/latex/tools/bm.sty
Package: bm 2016/02/27 v1.2a Bold Symbol Support (DPC/FMi)
\symboldoperators=\mathgroup6
\symboldletters=\mathgroup7
\symboldsymbols=\mathgroup8
LaTeX Font Info:    Redeclaring math alphabet \mathbf on input line 142.
LaTeX Info: Redefining \bm on input line 208.
)
(/usr/local/texlive/2016/texmf-dist/tex/latex/graphics/graphics.sty
Package: graphics 2016/05/09 v1.0r Standard LaTeX Graphics (DPC,SPQR)

(/usr/local/texlive/2016/texmf-dist/tex/latex/graphics/trig.sty
Package: trig 2016/01/03 v1.10 sin cos tan (DPC)
)
(/usr/local/texlive/2016/texmf-dist/tex/latex/graphics-cfg/graphics.cfg
File: graphics.cfg 2016/01/02 v1.10 sample graphics configuration
)
Package graphics Info: Driver file: pdftex.def on input line 96.

(/usr/local/texlive/2016/texmf-dist/tex/latex/pdftex-def/pdftex.def
File: pdftex.def 2011/05/27 v0.06d Graphics/color for pdfTeX

(/usr/local/texlive/2016/texmf-dist/tex/generic/oberdiek/infwarerr.sty
Package: infwarerr 2016/05/16 v1.4 Providing info/warning/error messages (HO)
)
(/usr/local/texlive/2016/texmf-dist/tex/generic/oberdiek/ltxcmds.sty
Package: ltxcmds 2016/05/16 v1.23 LaTeX kernel commands for general use (HO)
)
\Gread@gobject=\count99
))
(/usr/local/texlive/2016/texmf-dist/tex/latex/bbm-macros/bbm.sty
Package: bbm 1999/03/15 V 1.2 provides fonts for set symbols - TH
LaTeX Font Info:    Overwriting math alphabet `\mathbbm' in version `bold'
(Font)                  U/bbm/m/n --> U/bbm/bx/n on input line 33.
LaTeX Font Info:    Overwriting math alphabet `\mathbbmss' in version `bold'
(Font)                  U/bbmss/m/n --> U/bbmss/bx/n on input line 35.
)
(/usr/local/texlive/2016/texmf-dist/tex/latex/graphics/color.sty
Package: color 2016/05/09 v1.1c Standard LaTeX Color (DPC)

(/usr/local/texlive/2016/texmf-dist/tex/latex/graphics-cfg/color.cfg
File: color.cfg 2016/01/02 v1.6 sample color configuration
)
Package color Info: Driver file: pdftex.def on input line 144.
)
(/usr/local/texlive/2016/texmf-dist/tex/latex/graphics/graphicx.sty
Package: graphicx 2014/10/28 v1.0g Enhanced LaTeX Graphics (DPC,SPQR)

(/usr/local/texlive/2016/texmf-dist/tex/latex/graphics/keyval.sty
Package: keyval 2014/10/28 v1.15 key=value parser (DPC)
\KV@toks@=\toks25
)
\Gin@req@height=\dimen112
\Gin@req@width=\dimen113
)
(/usr/local/texlive/2016/texmf-dist/tex/latex/subfigure/subfigure.sty
Package: subfigure 2002/03/15 v2.1.5 subfigure package
\subfigtopskip=\skip49
\subfigcapskip=\skip50
\subfigcaptopadj=\dimen114
\subfigbottomskip=\skip51
\subfigcapmargin=\dimen115
\subfiglabelskip=\skip52
\c@subfigure=\count100
\c@lofdepth=\count101
\c@subtable=\count102
\c@lotdepth=\count103

****************************************
* Local config file subfigure.cfg used *
****************************************
(/usr/local/texlive/2016/texmf-dist/tex/latex/subfigure/subfigure.cfg)
\subfig@top=\skip53
\subfig@bottom=\skip54
)
(/usr/local/texlive/2016/texmf-dist/tex/latex/mathtools/mathtools.sty
Package: mathtools 2015/11/12 v1.18 mathematical typesetting tools

(/usr/local/texlive/2016/texmf-dist/tex/latex/tools/calc.sty
Package: calc 2014/10/28 v4.3 Infix arithmetic (KKT,FJ)
\calc@Acount=\count104
\calc@Bcount=\count105
\calc@Adimen=\dimen116
\calc@Bdimen=\dimen117
\calc@Askip=\skip55
\calc@Bskip=\skip56
LaTeX Info: Redefining \setlength on input line 80.
LaTeX Info: Redefining \addtolength on input line 81.
\calc@Ccount=\count106
\calc@Cskip=\skip57
)
(/usr/local/texlive/2016/texmf-dist/tex/latex/mathtools/mhsetup.sty
Package: mhsetup 2010/01/21 v1.2a programming setup (MH)
)
LaTeX Info: Thecontrolsequence`\('isalreadyrobust on input line 129.
LaTeX Info: Thecontrolsequence`\)'isalreadyrobust on input line 129.
LaTeX Info: Thecontrolsequence`\['isalreadyrobust on input line 129.
LaTeX Info: Thecontrolsequence`\]'isalreadyrobust on input line 129.
\g_MT_multlinerow_int=\count107
\l_MT_multwidth_dim=\dimen118
\origjot=\skip58
\l_MT_shortvdotswithinadjustabove_dim=\dimen119
\l_MT_shortvdotswithinadjustbelow_dim=\dimen120
\l_MT_above_intertext_sep=\dimen121
\l_MT_below_intertext_sep=\dimen122
\l_MT_above_shortintertext_sep=\dimen123
\l_MT_below_shortintertext_sep=\dimen124
)
(/usr/local/texlive/2016/texmf-dist/tex/latex/xcolor/xcolor.sty
Package: xcolor 2016/05/11 v2.12 LaTeX color extensions (UK)

(/usr/local/texlive/2016/texmf-dist/tex/latex/graphics-cfg/color.cfg
File: color.cfg 2016/01/02 v1.6 sample color configuration
)
Package xcolor Info: Driver file: pdftex.def on input line 225.

(/usr/local/texlive/2016/texmf-dist/tex/latex/colortbl/colortbl.sty
Package: colortbl 2012/02/13 v1.0a Color table columns (DPC)

(/usr/local/texlive/2016/texmf-dist/tex/latex/tools/array.sty
Package: array 2014/10/28 v2.4c Tabular extension package (FMi)
\col@sep=\dimen125
\extrarowheight=\dimen126
\NC@list=\toks26
\extratabsurround=\skip59
\backup@length=\skip60
)
\everycr=\toks27
\minrowclearance=\skip61
)
LaTeX Info: Redefining \color on input line 709.
\rownum=\count108
Package xcolor Info: Model `cmy' substituted by `cmy0' on input line 1348.
Package xcolor Info: Model `hsb' substituted by `rgb' on input line 1352.
Package xcolor Info: Model `RGB' extended on input line 1364.
Package xcolor Info: Model `HTML' substituted by `rgb' on input line 1366.
Package xcolor Info: Model `Hsb' substituted by `hsb' on input line 1367.
Package xcolor Info: Model `tHsb' substituted by `hsb' on input line 1368.
Package xcolor Info: Model `HSB' substituted by `hsb' on input line 1369.
Package xcolor Info: Model `Gray' substituted by `gray' on input line 1370.
Package xcolor Info: Model `wave' substituted by `hsb' on input line 1371.
)
(/usr/local/texlive/2016/texmf-dist/tex/latex/url/url.sty
\Urlmuskip=\muskip11
Package: url 2013/09/16  ver 3.4  Verb mode for urls, etc.
)
(/usr/local/texlive/2016/texmf-dist/tex/generic/mathabx/mathabx.sty
Package: mathabx 2003/07/29 v0.0 Non-standard LaTeX package mathabx
\symmatha=\mathgroup9
\symmathb=\mathgroup10
\symmathx=\mathgroup11

(/usr/local/texlive/2016/texmf-dist/tex/generic/mathabx/mathabx.dcl
LaTeX Font Info:    Redeclaring math symbol \cdotp on input line 25.
LaTeX Font Info:    Redeclaring math symbol \times on input line 33.
LaTeX Font Info:    Redeclaring math symbol \div on input line 34.
LaTeX Font Info:    Redeclaring math symbol \cdot on input line 35.
LaTeX Font Info:    Redeclaring math symbol \circ on input line 36.
LaTeX Font Info:    Redeclaring math symbol \ast on input line 38.
LaTeX Font Info:    Redeclaring math symbol \pm on input line 41.
LaTeX Font Info:    Redeclaring math symbol \mp on input line 42.
LaTeX Font Info:    Redeclaring math symbol \ltimes on input line 43.
LaTeX Font Info:    Redeclaring math symbol \rtimes on input line 44.
LaTeX Font Info:    Redeclaring math symbol \diamond on input line 45.
LaTeX Font Info:    Redeclaring math symbol \bullet on input line 46.
LaTeX Font Info:    Redeclaring math symbol \star on input line 47.
LaTeX Font Info:    Redeclaring math symbol \amalg on input line 51.
LaTeX Font Info:    Redeclaring math symbol \dotplus on input line 58.
LaTeX Font Info:    Redeclaring math symbol \square on input line 63.
LaTeX Font Info:    Redeclaring math symbol \divideontimes on input line 71.
LaTeX Font Info:    Redeclaring math symbol \bigstar on input line 75.
LaTeX Font Info:    Redeclaring math symbol \equiv on input line 83.
LaTeX Font Info:    Redeclaring math symbol \sim on input line 84.
LaTeX Font Info:    Redeclaring math symbol \approx on input line 85.
LaTeX Font Info:    Redeclaring math symbol \simeq on input line 86.
LaTeX Font Info:    Redeclaring math symbol \asymp on input line 89.
LaTeX Font Info:    Redeclaring math symbol \nsim on input line 97.
LaTeX Font Info:    Redeclaring math symbol \ncong on input line 100.
LaTeX Font Info:    Redeclaring math symbol \risingdotseq on input line 118.
LaTeX Font Info:    Redeclaring math symbol \fallingdotseq on input line 119.
LaTeX Font Info:    Redeclaring math symbol \circeq on input line 125.
LaTeX Font Info:    Redeclaring math symbol \eqcirc on input line 126.
LaTeX Font Info:    Redeclaring math symbol \triangleq on input line 127.
LaTeX Font Info:    Redeclaring math symbol \neg on input line 134.
LaTeX Font Info:    Redeclaring math symbol \ll on input line 136.
LaTeX Font Info:    Redeclaring math symbol \gg on input line 137.
LaTeX Font Info:    Redeclaring math symbol \vdash on input line 139.
LaTeX Font Info:    Redeclaring math symbol \dashv on input line 140.
LaTeX Font Info:    Redeclaring math symbol \nvdash on input line 141.
LaTeX Font Info:    Redeclaring math symbol \vDash on input line 143.
LaTeX Font Info:    Redeclaring math symbol \nvDash on input line 145.
LaTeX Font Info:    Redeclaring math symbol \Vdash on input line 147.
LaTeX Font Info:    Redeclaring math symbol \nVdash on input line 149.
LaTeX Font Info:    Redeclaring math symbol \flat on input line 158.
LaTeX Font Info:    Redeclaring math symbol \natural on input line 159.
LaTeX Font Info:    Redeclaring math symbol \sharp on input line 160.
LaTeX Font Info:    Redeclaring math symbol \infty on input line 161.
LaTeX Font Info:    Redeclaring math symbol \propto on input line 162.
LaTeX Font Info:    Redeclaring math symbol \dagger on input line 163.
LaTeX Font Info:    Redeclaring math symbol \ddagger on input line 164.
LaTeX Font Info:    Redeclaring math symbol \between on input line 170.
LaTeX Font Info:    Redeclaring math symbol \smile on input line 171.
LaTeX Font Info:    Redeclaring math symbol \frown on input line 172.
LaTeX Font Info:    Redeclaring math symbol \leftthreetimes on input line 174.
LaTeX Font Info:    Redeclaring math symbol \rightthreetimes on input line 175.

LaTeX Font Info:    Redeclaring math symbol \pitchfork on input line 176.
LaTeX Font Info:    Redeclaring math symbol \nVDash on input line 182.
LaTeX Font Info:    Redeclaring math symbol \Vvdash on input line 184.
LaTeX Font Info:    Redeclaring math symbol \therefore on input line 189.
LaTeX Font Info:    Redeclaring math symbol \because on input line 190.
LaTeX Font Info:    Redeclaring math symbol \measuredangle on input line 202.
LaTeX Font Info:    Redeclaring math symbol \sphericalangle on input line 203.
LaTeX Font Info:    Redeclaring math symbol \setminus on input line 218.
LaTeX Font Info:    Redeclaring math symbol \mid on input line 222.
LaTeX Font Info:    Redeclaring math symbol \forall on input line 279.
LaTeX Font Info:    Redeclaring math symbol \complement on input line 280.
LaTeX Font Info:    Redeclaring math symbol \partial on input line 281.
LaTeX Font Info:    Redeclaring math symbol \exists on input line 284.
LaTeX Font Info:    Redeclaring math symbol \nexists on input line 285.
LaTeX Font Info:    Redeclaring math symbol \Finv on input line 286.
LaTeX Font Info:    Redeclaring math symbol \Game on input line 287.
LaTeX Font Info:    Redeclaring math symbol \emptyset on input line 288.
LaTeX Font Info:    Redeclaring math symbol \top on input line 290.
LaTeX Font Info:    Redeclaring math symbol \bot on input line 291.
LaTeX Font Info:    Redeclaring math symbol \perp on input line 292.
LaTeX Font Info:    Redeclaring math symbol \curlywedge on input line 296.
LaTeX Font Info:    Redeclaring math symbol \curlyvee on input line 297.
LaTeX Font Info:    Redeclaring math symbol \in on input line 299.
LaTeX Font Info:    Redeclaring math symbol \owns on input line 300.
LaTeX Font Info:    Redeclaring math symbol \cap on input line 312.
LaTeX Font Info:    Redeclaring math symbol \cup on input line 313.
LaTeX Font Info:    Redeclaring math symbol \uplus on input line 314.
LaTeX Font Info:    Redeclaring math symbol \sqcap on input line 315.
LaTeX Font Info:    Redeclaring math symbol \sqcup on input line 316.
LaTeX Font Info:    Redeclaring math symbol \wedge on input line 318.
LaTeX Font Info:    Redeclaring math symbol \vee on input line 320.
LaTeX Font Info:    Redeclaring math symbol \barwedge on input line 327.
LaTeX Font Info:    Redeclaring math symbol \veebar on input line 328.
LaTeX Font Info:    Redeclaring math symbol \doublebarwedge on input line 329.
LaTeX Font Info:    Redeclaring math symbol \doublecap on input line 331.
LaTeX Font Info:    Redeclaring math symbol \doublecup on input line 333.
LaTeX Font Info:    Redeclaring math symbol \subset on input line 344.
LaTeX Font Info:    Redeclaring math symbol \supset on input line 345.
LaTeX Font Info:    Redeclaring math symbol \subseteq on input line 348.
LaTeX Font Info:    Redeclaring math symbol \supseteq on input line 349.
LaTeX Font Info:    Redeclaring math symbol \nsubseteq on input line 350.
LaTeX Font Info:    Redeclaring math symbol \nsupseteq on input line 351.
LaTeX Font Info:    Redeclaring math symbol \subsetneq on input line 352.
LaTeX Font Info:    Redeclaring math symbol \supsetneq on input line 353.
LaTeX Font Info:    Redeclaring math symbol \varsubsetneq on input line 354.
LaTeX Font Info:    Redeclaring math symbol \varsupsetneq on input line 355.
LaTeX Font Info:    Redeclaring math symbol \subseteqq on input line 357.
LaTeX Font Info:    Redeclaring math symbol \supseteqq on input line 358.
LaTeX Font Info:    Redeclaring math symbol \nsubseteqq on input line 359.
LaTeX Font Info:    Redeclaring math symbol \nsupseteqq on input line 360.
LaTeX Font Info:    Redeclaring math symbol \subsetneqq on input line 361.
LaTeX Font Info:    Redeclaring math symbol \supsetneqq on input line 362.
LaTeX Font Info:    Redeclaring math symbol \varsubsetneqq on input line 363.
LaTeX Font Info:    Redeclaring math symbol \varsupsetneqq on input line 364.
LaTeX Font Info:    Redeclaring math symbol \Subset on input line 366.
LaTeX Font Info:    Redeclaring math symbol \Supset on input line 367.
LaTeX Font Info:    Redeclaring math symbol \sqsubseteq on input line 380.
LaTeX Font Info:    Redeclaring math symbol \sqsupseteq on input line 381.
LaTeX Font Info:    Redeclaring math symbol \triangleleft on input line 407.
LaTeX Font Info:    Redeclaring math symbol \vartriangleleft on input line 408.

LaTeX Font Info:    Redeclaring math symbol \triangleright on input line 409.
LaTeX Font Info:    Redeclaring math symbol \vartriangleright on input line 410
.
LaTeX Font Info:    Redeclaring math symbol \ntriangleleft on input line 411.
LaTeX Font Info:    Redeclaring math symbol \ntriangleright on input line 412.
LaTeX Font Info:    Redeclaring math symbol \trianglelefteq on input line 413.
LaTeX Font Info:    Redeclaring math symbol \trianglerighteq on input line 414.

LaTeX Font Info:    Redeclaring math symbol \ntrianglelefteq on input line 415.

LaTeX Font Info:    Redeclaring math symbol \ntrianglerighteq on input line 416
.
LaTeX Font Info:    Redeclaring math symbol \blacktriangledown on input line 42
7.
LaTeX Font Info:    Redeclaring math symbol \blacktriangleleft on input line 42
8.
LaTeX Font Info:    Redeclaring math symbol \blacktriangleright on input line 4
29.
LaTeX Font Info:    Redeclaring math symbol \nless on input line 437.
LaTeX Font Info:    Redeclaring math symbol \ngtr on input line 438.
LaTeX Font Info:    Redeclaring math symbol \leq on input line 439.
LaTeX Font Info:    Redeclaring math symbol \geq on input line 441.
LaTeX Font Info:    Redeclaring math symbol \nleq on input line 443.
LaTeX Font Info:    Redeclaring math symbol \ngeq on input line 445.
LaTeX Font Info:    Redeclaring math symbol \lneq on input line 451.
LaTeX Font Info:    Redeclaring math symbol \gneq on input line 452.
LaTeX Font Info:    Redeclaring math symbol \leqq on input line 453.
LaTeX Font Info:    Redeclaring math symbol \geqq on input line 454.
LaTeX Font Info:    Redeclaring math symbol \nleqq on input line 455.
LaTeX Font Info:    Redeclaring math symbol \ngeqq on input line 456.
LaTeX Font Info:    Redeclaring math symbol \lneqq on input line 457.
LaTeX Font Info:    Redeclaring math symbol \gneqq on input line 458.
LaTeX Font Info:    Redeclaring math symbol \lvertneqq on input line 459.
LaTeX Font Info:    Redeclaring math symbol \gvertneqq on input line 460.
LaTeX Font Info:    Redeclaring math symbol \eqslantless on input line 461.
LaTeX Font Info:    Redeclaring math symbol \eqslantgtr on input line 462.
LaTeX Font Info:    Redeclaring math symbol \lessgtr on input line 465.
LaTeX Font Info:    Redeclaring math symbol \gtrless on input line 466.
LaTeX Font Info:    Redeclaring math symbol \lesseqgtr on input line 467.
LaTeX Font Info:    Redeclaring math symbol \gtreqless on input line 468.
LaTeX Font Info:    Redeclaring math symbol \lesseqqgtr on input line 469.
LaTeX Font Info:    Redeclaring math symbol \gtreqqless on input line 470.
LaTeX Font Info:    Redeclaring math symbol \lesssim on input line 472.
LaTeX Font Info:    Redeclaring math symbol \gtrsim on input line 473.
LaTeX Font Info:    Redeclaring math symbol \lnsim on input line 476.
LaTeX Font Info:    Redeclaring math symbol \gnsim on input line 477.
LaTeX Font Info:    Redeclaring math symbol \lessapprox on input line 478.
LaTeX Font Info:    Redeclaring math symbol \gtrapprox on input line 479.
LaTeX Font Info:    Redeclaring math symbol \lnapprox on input line 482.
LaTeX Font Info:    Redeclaring math symbol \gnapprox on input line 483.
LaTeX Font Info:    Redeclaring math symbol \lessdot on input line 485.
LaTeX Font Info:    Redeclaring math symbol \gtrdot on input line 486.
LaTeX Font Info:    Redeclaring math symbol \lll on input line 488.
LaTeX Font Info:    Redeclaring math symbol \ggg on input line 489.
LaTeX Font Info:    Redeclaring math symbol \prec on input line 498.
LaTeX Font Info:    Redeclaring math symbol \succ on input line 499.
LaTeX Font Info:    Redeclaring math symbol \nprec on input line 500.
LaTeX Font Info:    Redeclaring math symbol \nsucc on input line 501.
LaTeX Font Info:    Redeclaring math symbol \preccurlyeq on input line 502.
LaTeX Font Info:    Redeclaring math symbol \succcurlyeq on input line 503.
LaTeX Font Info:    Redeclaring math symbol \preceq on input line 506.
LaTeX Font Info:    Redeclaring math symbol \succeq on input line 507.
LaTeX Font Info:    Redeclaring math symbol \npreceq on input line 508.
LaTeX Font Info:    Redeclaring math symbol \nsucceq on input line 509.
LaTeX Font Info:    Redeclaring math symbol \curlyeqprec on input line 512.
LaTeX Font Info:    Redeclaring math symbol \curlyeqsucc on input line 513.
LaTeX Font Info:    Redeclaring math symbol \precsim on input line 517.
LaTeX Font Info:    Redeclaring math symbol \succsim on input line 518.
LaTeX Font Info:    Redeclaring math symbol \precnsim on input line 521.
LaTeX Font Info:    Redeclaring math symbol \succnsim on input line 522.
LaTeX Font Info:    Redeclaring math symbol \precapprox on input line 523.
LaTeX Font Info:    Redeclaring math symbol \succapprox on input line 524.
LaTeX Font Info:    Redeclaring math symbol \precnapprox on input line 527.
LaTeX Font Info:    Redeclaring math symbol \succnapprox on input line 528.
LaTeX Font Info:    Redeclaring math symbol \leftarrow on input line 540.
LaTeX Font Info:    Redeclaring math symbol \rightarrow on input line 542.
LaTeX Font Info:    Redeclaring math symbol \nwarrow on input line 546.
LaTeX Font Info:    Redeclaring math symbol \nearrow on input line 547.
LaTeX Font Info:    Redeclaring math symbol \swarrow on input line 548.
LaTeX Font Info:    Redeclaring math symbol \searrow on input line 549.
LaTeX Font Info:    Redeclaring math symbol \leftrightarrow on input line 550.
LaTeX Font Info:    Redeclaring math symbol \nleftarrow on input line 552.
LaTeX Font Info:    Redeclaring math symbol \nrightarrow on input line 553.
LaTeX Font Info:    Redeclaring math symbol \nleftrightarrow on input line 554.

LaTeX Font Info:    Redeclaring math symbol \mapstochar on input line 557.
LaTeX Font Info:    Redeclaring math symbol \leftharpoonup on input line 560.
LaTeX Font Info:    Redeclaring math symbol \rightharpoonup on input line 561.
LaTeX Font Info:    Redeclaring math symbol \leftharpoondown on input line 562.

LaTeX Font Info:    Redeclaring math symbol \rightharpoondown on input line 563
.
LaTeX Font Info:    Redeclaring math symbol \upharpoonleft on input line 564.
LaTeX Font Info:    Redeclaring math symbol \downharpoonleft on input line 565.

LaTeX Font Info:    Redeclaring math symbol \upharpoonright on input line 566.
LaTeX Font Info:    Redeclaring math symbol \restriction on input line 567.
LaTeX Font Info:    Redeclaring math symbol \downharpoonright on input line 568
.
LaTeX Font Info:    Redeclaring math symbol \leftrightharpoons on input line 56
9.
LaTeX Font Info:    Redeclaring math symbol \Leftarrow on input line 575.
LaTeX Font Info:    Redeclaring math symbol \Rightarrow on input line 576.
LaTeX Font Info:    Redeclaring math symbol \Leftrightarrow on input line 579.
LaTeX Font Info:    Redeclaring math symbol \nLeftarrow on input line 581.
LaTeX Font Info:    Redeclaring math symbol \nRightarrow on input line 582.
LaTeX Font Info:    Redeclaring math symbol \nLeftrightarrow on input line 583.

LaTeX Font Info:    Redeclaring math symbol \leftleftarrows on input line 593.
LaTeX Font Info:    Redeclaring math symbol \rightrightarrows on input line 594
.
LaTeX Font Info:    Redeclaring math symbol \upuparrows on input line 595.
LaTeX Font Info:    Redeclaring math symbol \downdownarrows on input line 596.
LaTeX Font Info:    Redeclaring math symbol \leftrightarrows on input line 597.

LaTeX Font Info:    Redeclaring math symbol \rightleftarrows on input line 598.

LaTeX Font Info:    Redeclaring math symbol \rhook on input line 612.
LaTeX Font Info:    Redeclaring math symbol \lhook on input line 613.
LaTeX Font Info:    Redeclaring math symbol \diagup on input line 614.
LaTeX Font Info:    Redeclaring math symbol \diagdown on input line 615.
LaTeX Font Info:    Redeclaring math symbol \Lsh on input line 617.
LaTeX Font Info:    Redeclaring math symbol \Rsh on input line 619.
LaTeX Font Info:    Redeclaring math symbol \looparrowleft on input line 624.
LaTeX Font Info:    Redeclaring math symbol \looparrowright on input line 626.
LaTeX Font Info:    Redeclaring math symbol \curvearrowleft on input line 631.
LaTeX Font Info:    Redeclaring math symbol \curvearrowright on input line 633.

LaTeX Font Info:    Redeclaring math symbol \circlearrowleft on input line 641.

LaTeX Font Info:    Redeclaring math symbol \circlearrowright on input line 642
.
LaTeX Font Info:    Redeclaring math symbol \rightsquigarrow on input line 645.

LaTeX Font Info:    Redeclaring math symbol \leftrightsquigarrow on input line 
646.
LaTeX Font Info:    Redeclaring math symbol \oplus on input line 658.
LaTeX Font Info:    Redeclaring math symbol \ominus on input line 659.
LaTeX Font Info:    Redeclaring math symbol \otimes on input line 661.
LaTeX Font Info:    Redeclaring math symbol \odot on input line 663.
LaTeX Font Info:    Redeclaring math symbol \oslash on input line 675.
LaTeX Font Info:    Redeclaring math symbol \boxplus on input line 683.
LaTeX Font Info:    Redeclaring math symbol \boxminus on input line 684.
LaTeX Font Info:    Redeclaring math symbol \boxtimes on input line 686.
LaTeX Font Info:    Redeclaring math symbol \boxdot on input line 688.
\mayacnter=\count109
\mayacnta=\count110
\mayacntb=\count111
\mayacntc=\count112
\mayawidth=\dimen127
LaTeX Font Info:    Redeclaring math symbol \intop on input line 753.
LaTeX Font Info:    Redeclaring math symbol \ointop on input line 760.
LaTeX Font Info:    Redeclaring math delimiter \lbrace on input line 842.
LaTeX Info: Redefining \{ on input line 846.
LaTeX Font Info:    Redeclaring math delimiter \rbrace on input line 848.
LaTeX Info: Redefining \} on input line 852.
LaTeX Font Info:    Redeclaring math delimiter \langle on input line 858.
LaTeX Font Info:    Redeclaring math delimiter \rangle on input line 859.
LaTeX Font Info:    Redeclaring math delimiter \vert on input line 863.
LaTeX Font Info:    Redeclaring math delimiter \Vert on input line 865.
LaTeX Font Info:    Redeclaring math delimiter \uparrow on input line 868.
LaTeX Font Info:    Redeclaring math delimiter \downarrow on input line 869.
LaTeX Font Info:    Redeclaring math delimiter \updownarrow on input line 870.
LaTeX Font Info:    Redeclaring math delimiter \Uparrow on input line 871.
LaTeX Font Info:    Redeclaring math delimiter \Downarrow on input line 872.
LaTeX Font Info:    Redeclaring math delimiter \Updownarrow on input line 873.
LaTeX Font Info:    Redeclaring math delimiter \lgroup on input line 880.
LaTeX Font Info:    Redeclaring math delimiter \rgroup on input line 881.
LaTeX Font Info:    Redeclaring math delimiter \lceil on input line 882.
LaTeX Font Info:    Redeclaring math delimiter \rceil on input line 883.
LaTeX Font Info:    Redeclaring math delimiter \lfloor on input line 884.
LaTeX Font Info:    Redeclaring math delimiter \rfloor on input line 885.
LaTeX Font Info:    Redeclaring math symbol \braceld on input line 903.
LaTeX Font Info:    Redeclaring math symbol \bracerd on input line 905.
LaTeX Font Info:    Redeclaring math symbol \bracelu on input line 907.
LaTeX Font Info:    Redeclaring math symbol \braceru on input line 909.
LaTeX Font Info:    Redeclaring math accent \widehat on input line 944.
LaTeX Font Info:    Redeclaring math accent \widetilde on input line 946.
))
(/usr/local/texlive/2016/texmf-dist/tex/latex/cancel/cancel.sty
Package: cancel 2013/04/12 v2.2 Cancel math terms
)
(/usr/local/texlive/2016/texmf-dist/tex/latex/tools/multicol.sty
Package: multicol 2016/04/07 v1.8p multicolumn formatting (FMi)
\c@tracingmulticols=\count113
\mult@box=\box28
\multicol@leftmargin=\dimen128
\c@unbalance=\count114
\c@collectmore=\count115
\doublecol@number=\count116
\multicoltolerance=\count117
\multicolpretolerance=\count118
\full@width=\dimen129
\page@free=\dimen130
\premulticols=\dimen131
\postmulticols=\dimen132
\multicolsep=\skip62
\multicolbaselineskip=\skip63
\partial@page=\box29
\last@line=\box30
\maxbalancingoverflow=\dimen133
\mult@rightbox=\box31
\mult@grightbox=\box32
\mult@gfirstbox=\box33
\mult@firstbox=\box34
\@tempa=\box35
\@tempa=\box36
\@tempa=\box37
\@tempa=\box38
\@tempa=\box39
\@tempa=\box40
\@tempa=\box41
\@tempa=\box42
\@tempa=\box43
\@tempa=\box44
\@tempa=\box45
\@tempa=\box46
\@tempa=\box47
\@tempa=\box48
\@tempa=\box49
\@tempa=\box50
\@tempa=\box51
\c@columnbadness=\count119
\c@finalcolumnbadness=\count120
\last@try=\dimen134
\multicolovershoot=\dimen135
\multicolundershoot=\dimen136
\mult@nat@firstbox=\box52
\colbreak@box=\box53
\mc@col@check@num=\count121
)
(/usr/local/texlive/2016/texmf-dist/tex/latex/float/float.sty
Package: float 2001/11/08 v1.3d Float enhancements (AL)
\c@float@type=\count122
\float@exts=\toks28
\float@box=\box54
\@float@everytoks=\toks29
\@floatcapt=\box55
)
(/usr/local/texlive/2016/texmf-dist/tex/latex/caption/caption.sty
Package: caption 2016/02/21 v3.3-144 Customizing captions (AR)

(/usr/local/texlive/2016/texmf-dist/tex/latex/caption/caption3.sty
Package: caption3 2016/02/04 v1.7-139 caption3 kernel (AR)
Package caption3 Info: TeX engine: e-TeX on input line 67.
\captionmargin=\dimen137
\captionmargin@=\dimen138
\captionwidth=\dimen139
\caption@tempdima=\dimen140
\caption@indent=\dimen141
\caption@parindent=\dimen142
\caption@hangindent=\dimen143
)
\c@ContinuedFloat=\count123
Package caption Info: float package is loaded.
Package caption Info: subfigure package is loaded.
)
(/usr/local/texlive/2016/texmf-dist/tex/latex/mathalfa/mathalfa.sty
Package: mathalfa 2016/03/25 - 1.08mathalfa (License LPPL) Michael Sharpe

(/usr/local/texlive/2016/texmf-dist/tex/latex/xkeyval/xkeyval.sty
Package: xkeyval 2014/12/03 v2.7a package option processing (HA)

(/usr/local/texlive/2016/texmf-dist/tex/generic/xkeyval/xkeyval.tex
(/usr/local/texlive/2016/texmf-dist/tex/generic/xkeyval/xkvutils.tex
\XKV@toks=\toks30
\XKV@tempa@toks=\toks31
)
\XKV@depth=\count124
File: xkeyval.tex 2014/12/03 v2.7a key=value parser (HA)
)))
(/usr/local/texlive/2016/texmf-dist/tex/latex/hyperref/hyperref.sty
Package: hyperref 2016/05/05 v6.83n Hypertext links for LaTeX

(/usr/local/texlive/2016/texmf-dist/tex/generic/oberdiek/hobsub-hyperref.sty
Package: hobsub-hyperref 2016/05/16 v1.14 Bundle oberdiek, subset hyperref (HO)


(/usr/local/texlive/2016/texmf-dist/tex/generic/oberdiek/hobsub-generic.sty
Package: hobsub-generic 2016/05/16 v1.14 Bundle oberdiek, subset generic (HO)
Package: hobsub 2016/05/16 v1.14 Construct package bundles (HO)
Package hobsub Info: Skipping package `infwarerr' (already loaded).
Package hobsub Info: Skipping package `ltxcmds' (already loaded).
Package: ifluatex 2016/05/16 v1.4 Provides the ifluatex switch (HO)
Package ifluatex Info: LuaTeX not detected.
Package: ifvtex 2016/05/16 v1.6 Detect VTeX and its facilities (HO)
Package ifvtex Info: VTeX not detected.
Package: intcalc 2016/05/16 v1.2 Expandable calculations with integers (HO)
Package: ifpdf 2016/05/14 v3.1 Provides the ifpdf switch
Package: etexcmds 2016/05/16 v1.6 Avoid name clashes with e-TeX commands (HO)
Package etexcmds Info: Could not find \expanded.
(etexcmds)             That can mean that you are not using pdfTeX 1.50 or
(etexcmds)             that some package has redefined \expanded.
(etexcmds)             In the latter case, load this package earlier.
Package: kvsetkeys 2016/05/16 v1.17 Key value parser (HO)
Package: kvdefinekeys 2016/05/16 v1.4 Define keys (HO)
Package: pdftexcmds 2016/05/10 v0.21 Utility functions of pdfTeX for LuaTeX (HO
)
Package pdftexcmds Info: LuaTeX not detected.
Package pdftexcmds Info: \pdf@primitive is available.
Package pdftexcmds Info: \pdf@ifprimitive is available.
Package pdftexcmds Info: \pdfdraftmode found.
Package: pdfescape 2016/05/16 v1.14 Implements pdfTeX's escape features (HO)
Package: bigintcalc 2016/05/16 v1.4 Expandable calculations on big integers (HO
)
Package: bitset 2016/05/16 v1.2 Handle bit-vector datatype (HO)
Package: uniquecounter 2016/05/16 v1.3 Provide unlimited unique counter (HO)
)
Package hobsub Info: Skipping package `hobsub' (already loaded).
Package: letltxmacro 2016/05/16 v1.5 Let assignment for LaTeX macros (HO)
Package: hopatch 2016/05/16 v1.3 Wrapper for package hooks (HO)
Package: xcolor-patch 2016/05/16 xcolor patch
Package: atveryend 2016/05/16 v1.9 Hooks at the very end of document (HO)
Package atveryend Info: \enddocument detected (standard20110627).
Package: atbegshi 2016/05/16 v1.17 At begin shipout hook (HO)
Package: refcount 2016/05/16 v3.5 Data extraction from label references (HO)
Package: hycolor 2016/05/16 v1.8 Color options for hyperref/bookmark (HO)
)
(/usr/local/texlive/2016/texmf-dist/tex/generic/ifxetex/ifxetex.sty
Package: ifxetex 2010/09/12 v0.6 Provides ifxetex conditional
)
(/usr/local/texlive/2016/texmf-dist/tex/latex/oberdiek/auxhook.sty
Package: auxhook 2016/05/16 v1.4 Hooks for auxiliary files (HO)
)
(/usr/local/texlive/2016/texmf-dist/tex/latex/oberdiek/kvoptions.sty
Package: kvoptions 2016/05/16 v3.12 Key value format for package options (HO)
)
\@linkdim=\dimen144
\Hy@linkcounter=\count125
\Hy@pagecounter=\count126

(/usr/local/texlive/2016/texmf-dist/tex/latex/hyperref/pd1enc.def
File: pd1enc.def 2016/05/05 v6.83n Hyperref: PDFDocEncoding definition (HO)
)
\Hy@SavedSpaceFactor=\count127

(/usr/local/texlive/2016/texmf-dist/tex/latex/latexconfig/hyperref.cfg
File: hyperref.cfg 2002/06/06 v1.2 hyperref configuration of TeXLive
)
Package hyperref Info: Hyper figures OFF on input line 4446.
Package hyperref Info: Link nesting OFF on input line 4451.
Package hyperref Info: Hyper index ON on input line 4454.
Package hyperref Info: Plain pages OFF on input line 4461.
Package hyperref Info: Backreferencing OFF on input line 4466.
Package hyperref Info: Implicit mode ON; LaTeX internals redefined.
Package hyperref Info: Bookmarks ON on input line 4691.
\c@Hy@tempcnt=\count128
LaTeX Info: Redefining \url on input line 5044.
\XeTeXLinkMargin=\dimen145
\Fld@menulength=\count129
\Field@Width=\dimen146
\Fld@charsize=\dimen147
Package hyperref Info: Hyper figures OFF on input line 6298.
Package hyperref Info: Link nesting OFF on input line 6303.
Package hyperref Info: Hyper index ON on input line 6306.
Package hyperref Info: backreferencing OFF on input line 6313.
Package hyperref Info: Link coloring OFF on input line 6318.
Package hyperref Info: Link coloring with OCG OFF on input line 6323.
Package hyperref Info: PDF/A mode OFF on input line 6328.
LaTeX Info: Redefining \ref on input line 6368.
LaTeX Info: Redefining \pageref on input line 6372.
\Hy@abspage=\count130
\c@Item=\count131
\c@Hfootnote=\count132
)

Package hyperref Message: Driver (autodetected): hpdftex.

(/usr/local/texlive/2016/texmf-dist/tex/latex/hyperref/hpdftex.def
File: hpdftex.def 2016/05/05 v6.83n Hyperref driver for pdfTeX
\Fld@listcount=\count133
\c@bookmark@seq@number=\count134

(/usr/local/texlive/2016/texmf-dist/tex/latex/oberdiek/rerunfilecheck.sty
Package: rerunfilecheck 2016/05/16 v1.8 Rerun checks for auxiliary files (HO)
Package uniquecounter Info: New unique counter `rerunfilecheck' on input line 2
82.
)
\Hy@SectionHShift=\skip64
)
\c@theorem=\count135


LaTeX Warning: Unused global option(s):
    [12].

(./PythonCodeDocumentation.aux)
\openout1 = `PythonCodeDocumentation.aux'.

LaTeX Font Info:    Checking defaults for OML/cmm/m/it on input line 77.
LaTeX Font Info:    ... okay on input line 77.
LaTeX Font Info:    Checking defaults for T1/cmr/m/n on input line 77.
LaTeX Font Info:    ... okay on input line 77.
LaTeX Font Info:    Checking defaults for OT1/cmr/m/n on input line 77.
LaTeX Font Info:    ... okay on input line 77.
LaTeX Font Info:    Checking defaults for OMS/cmsy/m/n on input line 77.
LaTeX Font Info:    ... okay on input line 77.
LaTeX Font Info:    Checking defaults for OMX/cmex/m/n on input line 77.
LaTeX Font Info:    ... okay on input line 77.
LaTeX Font Info:    Checking defaults for U/mathx/m/n on input line 77.
LaTeX Font Info:    ... okay on input line 77.
LaTeX Font Info:    Checking defaults for PD1/pdf/m/n on input line 77.
LaTeX Font Info:    ... okay on input line 77.

(/usr/local/texlive/2016/texmf-dist/tex/context/base/mkii/supp-pdf.mkii
[Loading MPS to PDF converter (version 2006.09.02).]
\scratchcounter=\count136
\scratchdimen=\dimen148
\scratchbox=\box56
\nofMPsegments=\count137
\nofMParguments=\count138
\everyMPshowfont=\toks32
\MPscratchCnt=\count139
\MPscratchDim=\dimen149
\MPnumerator=\count140
\makeMPintoPDFobject=\count141
\everyMPtoPDFconversion=\toks33
) (/usr/local/texlive/2016/texmf-dist/tex/latex/oberdiek/epstopdf-base.sty
Package: epstopdf-base 2016/05/15 v2.6 Base part for package epstopdf

(/usr/local/texlive/2016/texmf-dist/tex/latex/oberdiek/grfext.sty
Package: grfext 2016/05/16 v1.2 Manage graphics extensions (HO)
)
Package grfext Info: Graphics extension search list:
(grfext)             [.png,.pdf,.jpg,.mps,.jpeg,.jbig2,.jb2,.PNG,.PDF,.JPG,.JPE
G,.JBIG2,.JB2,.eps]
(grfext)             \AppendGraphicsExtensions on input line 456.

(/usr/local/texlive/2016/texmf-dist/tex/latex/latexconfig/epstopdf-sys.cfg
File: epstopdf-sys.cfg 2010/07/13 v1.3 Configuration of (r)epstopdf for TeX Liv
e
))
Package caption Info: Begin \AtBeginDocument code.
Package caption Info: hyperref package is loaded.
Package caption Info: End \AtBeginDocument code.
\AtBeginShipoutBox=\box57
Package hyperref Info: Link coloring OFF on input line 77.

(/usr/local/texlive/2016/texmf-dist/tex/latex/hyperref/nameref.sty
Package: nameref 2012/10/27 v2.43 Cross-referencing by name of section

(/usr/local/texlive/2016/texmf-dist/tex/generic/oberdiek/gettitlestring.sty
Package: gettitlestring 2016/05/16 v1.5 Cleanup title references (HO)
)
\c@section@level=\count142
)
LaTeX Info: Redefining \ref on input line 77.
LaTeX Info: Redefining \pageref on input line 77.
LaTeX Info: Redefining \nameref on input line 77.

(./PythonCodeDocumentation.out) (./PythonCodeDocumentation.out)
\@outlinefile=\write3
\openout3 = `PythonCodeDocumentation.out'.

LaTeX Font Info:    Try loading font information for U+msa on input line 86.

(/usr/local/texlive/2016/texmf-dist/tex/latex/amsfonts/umsa.fd
File: umsa.fd 2013/01/14 v3.01 AMS symbols A
)
LaTeX Font Info:    Try loading font information for U+msb on input line 86.

(/usr/local/texlive/2016/texmf-dist/tex/latex/amsfonts/umsb.fd
File: umsb.fd 2013/01/14 v3.01 AMS symbols B
)
(./eddycurrent.tex
Package epstopdf Info: Source file: <Figures/MetalDetectionSoilSmall.eps>
(epstopdf)                    date: 2020-01-10 18:09:03
(epstopdf)                    size: 149338 bytes
(epstopdf)             Output file: <Figures/MetalDetectionSoilSmall-eps-conver
ted-to.pdf>
(epstopdf)                    date: 2020-01-20 09:22:49
(epstopdf)                    size: 14218 bytes
(epstopdf)             Command: <repstopdf --outfile=Figures/MetalDetectionSoil
Small-eps-converted-to.pdf Figures/MetalDetectionSoilSmall.eps>
(epstopdf)             \includegraphics on input line 24.
Package epstopdf Info: Output file is already uptodate.

<Figures/MetalDetectionSoilSmall-eps-converted-to.pdf, id=135, 330.23375pt x 19
1.71625pt>
File: Figures/MetalDetectionSoilSmall-eps-converted-to.pdf Graphic file (type p
df)
 <use Figures/MetalDetectionSoilSmall-eps-converted-to.pdf>
Package pdftex.def Info: Figures/MetalDetectionSoilSmall-eps-converted-to.pdf u
sed on input line 24.
(pdftex.def)             Requested size: 323.76787pt x 187.9684pt.
 [1

{/usr/local/texlive/2016/texmf-var/fonts/map/pdftex/updmap/pdftex.map}]
Package epstopdf Info: Source file: <Figures/BAlphaShifted.eps>
(epstopdf)                    date: 2019-02-10 13:49:51
(epstopdf)                    size: 179861 bytes
(epstopdf)             Output file: <Figures/BAlphaShifted-eps-converted-to.pdf
>
(epstopdf)                    date: 2019-10-23 10:48:06
(epstopdf)                    size: 17195 bytes
(epstopdf)             Command: <repstopdf --outfile=Figures/BAlphaShifted-eps-
converted-to.pdf Figures/BAlphaShifted.eps>
(epstopdf)             \includegraphics on input line 59.
Package epstopdf Info: Output file is already uptodate.

<Figures/BAlphaShifted-eps-converted-to.pdf, id=175, 433.62pt x 197.73875pt>
File: Figures/BAlphaShifted-eps-converted-to.pdf Graphic file (type pdf)

<use Figures/BAlphaShifted-eps-converted-to.pdf>
Package pdftex.def Info: Figures/BAlphaShifted-eps-converted-to.pdf used on inp
ut line 59.
(pdftex.def)             Requested size: 370.02345pt x 168.74554pt.
 [2 <./Figures/MetalDetectionSoilSmall-eps-converted-to.pdf>] [3 <./Figures/BAl
phaShifted-eps-converted-to.pdf>]
<GraphsAndData/hp-refinement/N0hp-refinement/N0hp-refinement.pdf, id=316, 462.5
2798pt x 346.89601pt>
File: GraphsAndData/hp-refinement/N0hp-refinement/N0hp-refinement.pdf Graphic f
ile (type pdf)

<use GraphsAndData/hp-refinement/N0hp-refinement/N0hp-refinement.pdf>
Package pdftex.def Info: GraphsAndData/hp-refinement/N0hp-refinement/N0hp-refin
ement.pdf used on input line 150.
(pdftex.def)             Requested size: 231.26378pt x 173.44757pt.

<GraphsAndData/hp-refinement/MPThp-refinement/MPThp-refinement.pdf, id=317, 462
.52798pt x 346.89601pt>
File: GraphsAndData/hp-refinement/MPThp-refinement/MPThp-refinement.pdf Graphic
 file (type pdf)

<use GraphsAndData/hp-refinement/MPThp-refinement/MPThp-refinement.pdf>
Package pdftex.def Info: GraphsAndData/hp-refinement/MPThp-refinement/MPThp-ref
inement.pdf used on input line 151.
(pdftex.def)             Requested size: 231.26378pt x 173.44757pt.

[4]) (./Installation.tex)
Underfull \hbox (badness 10000) in paragraph at lines 1--104

 []


Underfull \hbox (badness 10000) in paragraph at lines 1--104

 []


Underfull \hbox (badness 10000) in paragraph at lines 1--104

 []


Underfull \hbox (badness 10000) in paragraph at lines 1--104

 []


Underfull \hbox (badness 10000) in paragraph at lines 1--104

 []

[5 <./GraphsAndData/hp-refinement/N0hp-refinement/N0hp-refinement.pdf> <./Graph
sAndData/hp-refinement/MPThp-refinement/MPThp-refinement.pdf

pdfTeX warning: /Library/TeX/texbin/pdflatex (file ./GraphsAndData/hp-refinemen
t/MPThp-refinement/MPThp-refinement.pdf): PDF inclusion: multiple pdfs with pag
e group included in a single page
>] (./OverviewAndStructure.tex
<Figures/CodeLayout.png, id=462, 272.01625pt x 481.8pt>
File: Figures/CodeLayout.png Graphic file (type png)

<use Figures/CodeLayout.png>
Package pdftex.def Info: Figures/CodeLayout.png used on input line 4.
(pdftex.def)             Requested size: 185.0082pt x 327.70787pt.

Underfull \hbox (badness 10000) in paragraph at lines 8--10

 []


Underfull \hbox (badness 10000) in paragraph at lines 11--23

 []


Underfull \hbox (badness 10000) in paragraph at lines 11--23

 []


Underfull \hbox (badness 10000) in paragraph at lines 11--23

 []


Underfull \hbox (badness 10000) in paragraph at lines 11--23

 []

[6 <./Figures/CodeLayout.png>]
LaTeX Font Info:    Font shape `OT1/cmtt/bx/n' in size <10> not available
(Font)              Font shape `OT1/cmtt/m/n' tried instead on input line 24.

<Figures/mainpy.pdf, id=472, 597.51233pt x 845.0471pt>
File: Figures/mainpy.pdf Graphic file (type pdf)

<use Figures/mainpy.pdf>
Package pdftex.def Info: Figures/mainpy.pdf used on input line 28.
(pdftex.def)             Requested size: 370.02345pt x 523.31776pt.

Underfull \hbox (badness 10000) in paragraph at lines 32--56

 []


Underfull \hbox (badness 10000) in paragraph at lines 32--56

 []


Underfull \hbox (badness 10000) in paragraph at lines 32--56

 []


Underfull \hbox (badness 10000) in paragraph at lines 32--56

 []


Underfull \hbox (badness 10000) in paragraph at lines 32--56

 []


Underfull \hbox (badness 10000) in paragraph at lines 32--56

 []


Underfull \hbox (badness 10000) in paragraph at lines 32--56

 []


Underfull \hbox (badness 10000) in paragraph at lines 32--56

 []


Underfull \hbox (badness 10000) in paragraph at lines 32--56

 []


Underfull \hbox (badness 10000) in paragraph at lines 32--56

 []

[7 <./Figures/mainpy.pdf>]
Underfull \hbox (badness 10000) in paragraph at lines 56--75

 []


Underfull \hbox (badness 10000) in paragraph at lines 56--75

 []


Underfull \hbox (badness 10000) in paragraph at lines 56--75

 []


Underfull \hbox (badness 10000) in paragraph at lines 56--75

 []


Underfull \hbox (badness 10000) in paragraph at lines 56--75

 []


Underfull \hbox (badness 10000) in paragraph at lines 56--75

 []


Underfull \hbox (badness 10000) in paragraph at lines 56--75

 []


Underfull \hbox (badness 10000) in paragraph at lines 56--75

 []


Underfull \hbox (badness 10000) in paragraph at lines 56--75

 []

[8] <Figures/DefaultSettings.png, id=500, 568.1225pt x 390.45876pt>
File: Figures/DefaultSettings.png Graphic file (type png)

<use Figures/DefaultSettings.png>
Package pdftex.def Info: Figures/DefaultSettings.png used on input line 83.
(pdftex.def)             Requested size: 323.76787pt x 222.52805pt.

Underfull \hbox (badness 10000) in paragraph at lines 76--86

 []


Underfull \hbox (badness 10000) in paragraph at lines 76--86

 []

<Figures/AdditionalOutputs.png, id=503, 569.12625pt x 424.58624pt>
File: Figures/AdditionalOutputs.png Graphic file (type png)

<use Figures/AdditionalOutputs.png>
Package pdftex.def Info: Figures/AdditionalOutputs.png used on input line 115.
(pdftex.def)             Requested size: 323.76787pt x 241.5502pt.

Underfull \hbox (badness 10000) in paragraph at lines 87--118

 []


Underfull \hbox (badness 10000) in paragraph at lines 87--118

 []


Underfull \hbox (badness 10000) in paragraph at lines 87--118

 []


Underfull \hbox (badness 10000) in paragraph at lines 87--118

 []


Underfull \hbox (badness 10000) in paragraph at lines 87--118

 []


Underfull \hbox (badness 10000) in paragraph at lines 87--118

 []


Underfull \hbox (badness 10000) in paragraph at lines 87--118

 []


Underfull \hbox (badness 10000) in paragraph at lines 87--118

 []


Underfull \hbox (badness 10000) in paragraph at lines 87--118

 []


Underfull \hbox (badness 10000) in paragraph at lines 87--118

 []


Underfull \hbox (badness 10000) in paragraph at lines 87--118

 []


Underfull \hbox (badness 10000) in paragraph at lines 87--118

 []

[9 <./Figures/DefaultSettings.png>]
<Figures/SaverSettings.png, id=512, 517.935pt x 164.615pt>
File: Figures/SaverSettings.png Graphic file (type png)

<use Figures/SaverSettings.png>
Package pdftex.def Info: Figures/SaverSettings.png used on input line 147.
(pdftex.def)             Requested size: 323.76787pt x 102.90672pt.

Underfull \hbox (badness 10000) in paragraph at lines 119--150

 []


Underfull \hbox (badness 10000) in paragraph at lines 119--150

 []


Underfull \hbox (badness 10000) in paragraph at lines 119--150

 []


Underfull \hbox (badness 10000) in paragraph at lines 119--150

 []


Underfull \hbox (badness 10000) in paragraph at lines 119--150

 []


Underfull \hbox (badness 10000) in paragraph at lines 119--150

 []


Underfull \hbox (badness 10000) in paragraph at lines 119--150

 []


Underfull \hbox (badness 10000) in paragraph at lines 119--150

 []


Underfull \hbox (badness 10000) in paragraph at lines 119--150

 []


Underfull \hbox (badness 10000) in paragraph at lines 119--150

 []


Underfull \hbox (badness 10000) in paragraph at lines 119--150

 []


Underfull \hbox (badness 10000) in paragraph at lines 119--150

 []

[10 <./Figures/AdditionalOutputs.png>]
<Figures/SolverParameters.png, id=521, 549.05125pt x 470.75874pt>
File: Figures/SolverParameters.png Graphic file (type png)

<use Figures/SolverParameters.png>
Package pdftex.def Info: Figures/SolverParameters.png used on input line 163.
(pdftex.def)             Requested size: 323.76787pt x 277.60876pt.

Underfull \hbox (badness 10000) in paragraph at lines 151--166

 []


Underfull \hbox (badness 10000) in paragraph at lines 151--166

 []


Underfull \hbox (badness 10000) in paragraph at lines 151--166

 []


Underfull \hbox (badness 10000) in paragraph at lines 151--166

 []

[11 <./Figures/SaverSettings.png>]
Underfull \hbox (badness 10000) in paragraph at lines 167--190

 []


Underfull \hbox (badness 10000) in paragraph at lines 167--190

 []


Underfull \hbox (badness 10000) in paragraph at lines 167--190

 []


Underfull \hbox (badness 10000) in paragraph at lines 167--190

 []


Underfull \hbox (badness 10000) in paragraph at lines 167--190

 []


Underfull \hbox (badness 10000) in paragraph at lines 167--190

 []


Underfull \hbox (badness 10000) in paragraph at lines 167--190

 []


Underfull \hbox (badness 10000) in paragraph at lines 167--190

 []


Underfull \hbox (badness 10000) in paragraph at lines 167--190

 []


Underfull \hbox (badness 10000) in paragraph at lines 167--190

 []


Underfull \hbox (badness 10000) in paragraph at lines 167--190

 []


Underfull \hbox (badness 10000) in paragraph at lines 167--190

 []

[12 <./Figures/SolverParameters.png>]
<Figures/PlotterSettingspy.png, id=537, 576.1525pt x 874.26625pt>
File: Figures/PlotterSettingspy.png Graphic file (type png)

<use Figures/PlotterSettingspy.png>
Package pdftex.def Info: Figures/PlotterSettingspy.png used on input line 194.
(pdftex.def)             Requested size: 370.02345pt x 561.50284pt.
 [13]
Underfull \hbox (badness 10000) in paragraph at lines 198--204

 []


Underfull \hbox (badness 10000) in paragraph at lines 198--204

 []

[14 <./Figures/PlotterSettingspy.png>]
Underfull \hbox (badness 10000) in paragraph at lines 210--242

 []


Underfull \hbox (badness 10000) in paragraph at lines 210--242

 []


Underfull \hbox (badness 10000) in paragraph at lines 210--242

 []


Underfull \hbox (badness 10000) in paragraph at lines 210--242

 []


Underfull \hbox (badness 10000) in paragraph at lines 210--242

 []


Underfull \hbox (badness 10000) in paragraph at lines 210--242

 []


Underfull \hbox (badness 10000) in paragraph at lines 210--242

 []


Underfull \hbox (badness 10000) in paragraph at lines 210--242

 []


Underfull \hbox (badness 10000) in paragraph at lines 210--242

 []


Underfull \hbox (badness 10000) in paragraph at lines 210--242

 []


Underfull \hbox (badness 10000) in paragraph at lines 210--242

 []


Underfull \hbox (badness 10000) in paragraph at lines 244--245

 []

<Figures/SingleOutput.png, id=554, 243.91125pt x 157.58875pt>
File: Figures/SingleOutput.png Graphic file (type png)

<use Figures/SingleOutput.png>
Package pdftex.def Info: Figures/SingleOutput.png used on input line 251.
(pdftex.def)             Requested size: 138.75967pt x 89.65097pt.
 [15]
<Figures/vtkoutput.png, id=564, 162.6075pt x 76.285pt>
File: Figures/vtkoutput.png Graphic file (type png)

<use Figures/vtkoutput.png>
Package pdftex.def Info: Figures/vtkoutput.png used on input line 261.
(pdftex.def)             Requested size: 101.75662pt x 47.73853pt.

Underfull \hbox (badness 10000) in paragraph at lines 255--264

 []


Underfull \hbox (badness 10000) in paragraph at lines 265--267

 []

<Figures/FullOutput.png, id=566, 274.02374pt x 298.11375pt>
File: Figures/FullOutput.png Graphic file (type png)

<use Figures/FullOutput.png>
Package pdftex.def Info: Figures/FullOutput.png used on input line 273.
(pdftex.def)             Requested size: 161.88747pt x 176.12212pt.

Underfull \hbox (badness 10000) in paragraph at lines 277--279

 []

[16 <./Figures/SingleOutput.png> <./Figures/vtkoutput.png> <./Figures/FullOutpu
t.png>]
Underfull \hbox (badness 10000) in paragraph at lines 280--283

 []


Underfull \hbox (badness 10000) in paragraph at lines 280--283

 []

<Figures/PodOutput.png, id=578, 276.03125pt x 397.485pt>
File: Figures/PodOutput.png Graphic file (type png)

<use Figures/PodOutput.png>
Package pdftex.def Info: Figures/PodOutput.png used on input line 287.
(pdftex.def)             Requested size: 161.88747pt x 233.1252pt.

Underfull \hbox (badness 10000) in paragraph at lines 291--297

 []


Overfull \hbox (40.41577pt too wide) in paragraph at lines 291--297
\OT1/cmr/m/n/10 In the case where \OT1/cmtt/m/n/10 PlotPod = False\OT1/cmr/m/n/
10 , the struc-ture is as shown in Fig-ure []14[] ex-cept that the files \OT1/c
mtt/m/n/10 PODEigenvalues.csv\OT1/cmr/m/n/10 ,
 []


Underfull \hbox (badness 10000) in paragraph at lines 291--297

 []


Underfull \hbox (badness 10000) in paragraph at lines 291--297

 []

[17 <./Figures/PodOutput.png>]
Underfull \hbox (badness 10000) in paragraph at lines 298--303

 []


Underfull \hbox (badness 10000) in paragraph at lines 298--303

 []


Underfull \hbox (badness 10000) in paragraph at lines 304--307

 []


Underfull \hbox (badness 10000) in paragraph at lines 304--307

 []

) (./GeometryFile.tex
Underfull \hbox (badness 10000) in paragraph at lines 1--5

 []

<Figures/ExampleSphere.png, id=590, 443.6575pt x 302.12875pt>
File: Figures/ExampleSphere.png Graphic file (type png)

<use Figures/ExampleSphere.png>
Package pdftex.def Info: Figures/ExampleSphere.png used on input line 10.
(pdftex.def)             Requested size: 222.01125pt x 151.18846pt.

<Figures/ExampleSphereNetgen.png, id=591, 854.19125pt x 602.25pt>
File: Figures/ExampleSphereNetgen.png Graphic file (type png)

<use Figures/ExampleSphereNetgen.png>
Package pdftex.def Info: Figures/ExampleSphereNetgen.png used on input line 10.

(pdftex.def)             Requested size: 222.01125pt x 156.52617pt.

Overfull \hbox (1.49493pt too wide) detected at line 12
[]
 []

[18 <./Figures/ExampleSphere.png> <./Figures/ExampleSphereNetgen.png>]
<Figures/ExampleSphereMaterials.png, id=603, 396.48125pt x 247.92625pt>
File: Figures/ExampleSphereMaterials.png Graphic file (type png)

<use Figures/ExampleSphereMaterials.png>
Package pdftex.def Info: Figures/ExampleSphereMaterials.png used on input line 
24.
(pdftex.def)             Requested size: 231.26378pt x 144.61446pt.

Underfull \hbox (badness 10000) in paragraph at lines 28--32

 []


Underfull \hbox (badness 10000) in paragraph at lines 44--49

 []

[19 <./Figures/ExampleSphereMaterials.png>]
<Figures/DualBarExample.png, id=614, 438.63875pt x 271.0125pt>
File: Figures/DualBarExample.png Graphic file (type png)

<use Figures/DualBarExample.png>
Package pdftex.def Info: Figures/DualBarExample.png used on input line 52.
(pdftex.def)             Requested size: 231.26378pt x 142.88744pt.

Underfull \hbox (badness 10000) in paragraph at lines 56--60

 []

<Figures/TwoSpheresExample.png, id=617, 442.65375pt x 262.9825pt>
File: Figures/TwoSpheresExample.png Graphic file (type png)

<use Figures/TwoSpheresExample.png>
Package pdftex.def Info: Figures/TwoSpheresExample.png used on input line 63.
(pdftex.def)             Requested size: 231.26378pt x 137.39774pt.
) (./Examples.tex
<Figures/SweepSphere.png, id=620, 454.69875pt x 277.035pt>
File: Figures/SweepSphere.png Graphic file (type png)

<use Figures/SweepSphere.png>
Package pdftex.def Info: Figures/SweepSphere.png used on input line 6.
(pdftex.def)             Requested size: 231.26378pt x 140.90552pt.
 [20 <./Figures/DualBarExample.png> <./Figures/TwoSpheresExample.png>] <Figures
/SphereMain.png, id=634, 493.845pt x 864.22874pt>
File: Figures/SphereMain.png Graphic file (type png)

<use Figures/SphereMain.png>
Package pdftex.def Info: Figures/SphereMain.png used on input line 16.
(pdftex.def)             Requested size: 138.75967pt x 242.82637pt.

<Figures/SphereSettingsTop.png, id=635, 513.92pt x 773.89125pt>
File: Figures/SphereSettingsTop.png Graphic file (type png)

<use Figures/SphereSettingsTop.png>
Package pdftex.def Info: Figures/SphereSettingsTop.png used on input line 16.
(pdftex.def)             Requested size: 138.75967pt x 208.95343pt.

<Figures/SphereSettingsBottom.png, id=636, 491.8375pt x 636.3775pt>
File: Figures/SphereSettingsBottom.png Graphic file (type png)

<use Figures/SphereSettingsBottom.png>
Package pdftex.def Info: Figures/SphereSettingsBottom.png used on input line 16
.
(pdftex.def)             Requested size: 138.75967pt x 179.53421pt.
 [21 <./Figures/SweepSphere.png> <./Figures/SphereMain.png> <./Figures/SphereSe
ttingsTop.png> <./Figures/SphereSettingsBottom.png>]
Overfull \hbox (10.24957pt too wide) in paragraph at lines 81--81
[] 
 []

[22]
<Figures/FullExactReal/FullExactReal.pdf, id=662, 462.52798pt x 346.89601pt>
File: Figures/FullExactReal/FullExactReal.pdf Graphic file (type pdf)

<use Figures/FullExactReal/FullExactReal.pdf>
Package pdftex.def Info: Figures/FullExactReal/FullExactReal.pdf used on input 
line 139.
(pdftex.def)             Requested size: 222.01125pt x 166.50818pt.

<Figures/FullExactImag/FullExactImag.pdf, id=663, 462.52798pt x 346.89601pt>
File: Figures/FullExactImag/FullExactImag.pdf Graphic file (type pdf)

<use Figures/FullExactImag/FullExactImag.pdf>
Package pdftex.def Info: Figures/FullExactImag/FullExactImag.pdf used on input 
line 139.
(pdftex.def)             Requested size: 222.01125pt x 166.50818pt.

Overfull \hbox (13.22005pt too wide) detected at line 141
[]
 []

<Figures/FullError/FullError.pdf, id=668, 462.52798pt x 346.89601pt>
File: Figures/FullError/FullError.pdf Graphic file (type pdf)

<use Figures/FullError/FullError.pdf>
Package pdftex.def Info: Figures/FullError/FullError.pdf used on input line 150
.
(pdftex.def)             Requested size: 231.26378pt x 173.44757pt.
 [23 <./Figures/FullExactReal/FullExactReal.pdf> <./Figures/FullExactImag/FullE
xactImag.pdf

pdfTeX warning: /Library/TeX/texbin/pdflatex (file ./Figures/FullExactImag/Full
ExactImag.pdf): PDF inclusion: multiple pdfs with page group included in a sing
le page
>]

LaTeX Warning: Reference `Issues' on page 24 undefined on input line 200.

<Figures/PODExactReal/PODExactReal.pdf, id=781, 462.52798pt x 346.89601pt>
File: Figures/PODExactReal/PODExactReal.pdf Graphic file (type pdf)

<use Figures/PODExactReal/PODExactReal.pdf>
Package pdftex.def Info: Figures/PODExactReal/PODExactReal.pdf used on input li
ne 203.
(pdftex.def)             Requested size: 222.01125pt x 166.50818pt.

<Figures/PODExactImag/PODExactImag.pdf, id=782, 462.52798pt x 346.89601pt>
File: Figures/PODExactImag/PODExactImag.pdf Graphic file (type pdf)

<use Figures/PODExactImag/PODExactImag.pdf>
Package pdftex.def Info: Figures/PODExactImag/PODExactImag.pdf used on input li
ne 203.
(pdftex.def)             Requested size: 222.01125pt x 166.50818pt.

Overfull \hbox (13.22005pt too wide) detected at line 205
[]
 []

[24 <./Figures/FullError/FullError.pdf>]
<Figures/PODError/PODError.pdf, id=853, 462.52798pt x 346.89601pt>
File: Figures/PODError/PODError.pdf Graphic file (type pdf)

<use Figures/PODError/PODError.pdf>
Package pdftex.def Info: Figures/PODError/PODError.pdf used on input line 214.
(pdftex.def)             Requested size: 231.26378pt x 173.44757pt.

<Figures/SphereErrorBarsRealn=21.pdf, id=857, 462.52798pt x 346.89601pt>
File: Figures/SphereErrorBarsRealn=21.pdf Graphic file (type pdf)

<use Figures/SphereErrorBarsRealn=21.pdf>
Package pdftex.def Info: Figures/SphereErrorBarsRealn=21.pdf used on input line
 223.
(pdftex.def)             Requested size: 222.01125pt x 166.50818pt.

<Figures/SphereErrorBarsImagn=21.pdf, id=858, 462.52798pt x 346.89601pt>
File: Figures/SphereErrorBarsImagn=21.pdf Graphic file (type pdf)

<use Figures/SphereErrorBarsImagn=21.pdf>
Package pdftex.def Info: Figures/SphereErrorBarsImagn=21.pdf used on input line
 223.
(pdftex.def)             Requested size: 222.01125pt x 166.50818pt.

Overfull \hbox (11.92825pt too wide) detected at line 225
[]
 []

[25 <./Figures/PODExactReal/PODExactReal.pdf> <./Figures/PODExactImag/PODExactI
mag.pdf

pdfTeX warning: /Library/TeX/texbin/pdflatex (file ./Figures/PODExactImag/PODEx
actImag.pdf): PDF inclusion: multiple pdfs with page group included in a single
 page
> <./Figures/PODError/PODError.pdf

pdfTeX warning: /Library/TeX/texbin/pdflatex (file ./Figures/PODError/PODError.
pdf): PDF inclusion: multiple pdfs with page group included in a single page
>] <Figures/TorusInput.png, id=1028, 470.75874pt x 252.945pt>
File: Figures/TorusInput.png Graphic file (type png)

<use Figures/TorusInput.png>
Package pdftex.def Info: Figures/TorusInput.png used on input line 234.
(pdftex.def)             Requested size: 231.26378pt x 124.26062pt.
 [26 <./Figures/SphereErrorBarsRealn=21.pdf> <./Figures/SphereErrorBarsImagn=21
.pdf

pdfTeX warning: /Library/TeX/texbin/pdflatex (file ./Figures/SphereErrorBarsIma
gn=21.pdf): PDF inclusion: multiple pdfs with page group included in a single p
age
> <./Figures/TorusInput.png>]
<Figures/Torus/RealEigenvalues.pdf, id=1137, 462.52798pt x 346.89601pt>
File: Figures/Torus/RealEigenvalues.pdf Graphic file (type pdf)

<use Figures/Torus/RealEigenvalues.pdf>
Package pdftex.def Info: Figures/Torus/RealEigenvalues.pdf used on input line 3
00.
(pdftex.def)             Requested size: 222.01125pt x 166.50818pt.

<Figures/Torus/ImaginaryEigenvalues.pdf, id=1138, 462.52798pt x 346.89601pt>
File: Figures/Torus/ImaginaryEigenvalues.pdf Graphic file (type pdf)

<use Figures/Torus/ImaginaryEigenvalues.pdf>
Package pdftex.def Info: Figures/Torus/ImaginaryEigenvalues.pdf used on input l
ine 300.
(pdftex.def)             Requested size: 222.01125pt x 166.50818pt.

<Figures/Torus/RealTensorCoeficients.pdf, id=1139, 462.52798pt x 346.89601pt>
File: Figures/Torus/RealTensorCoeficients.pdf Graphic file (type pdf)

<use Figures/Torus/RealTensorCoeficients.pdf>
Package pdftex.def Info: Figures/Torus/RealTensorCoeficients.pdf used on input 
line 302.
(pdftex.def)             Requested size: 222.01125pt x 166.50818pt.

<Figures/Torus/ImaginaryTensorCoeficients.pdf, id=1140, 462.52798pt x 346.89601
pt>
File: Figures/Torus/ImaginaryTensorCoeficients.pdf Graphic file (type pdf)
 <use Figures/Torus/ImaginaryTensorCoeficients.pdf>
Package pdftex.def Info: Figures/Torus/ImaginaryTensorCoeficients.pdf used on i
nput line 302.
(pdftex.def)             Requested size: 222.01125pt x 166.50818pt.

Overfull \hbox (12.22705pt too wide) detected at line 304
[]
 []

[27] <Figures/TetraInput.png, id=1152, 686.565pt x 276.03125pt>
File: Figures/TetraInput.png Graphic file (type png)

<use Figures/TetraInput.png>
Package pdftex.def Info: Figures/TetraInput.png used on input line 330.
(pdftex.def)             Requested size: 323.76787pt x 130.16852pt.
 [28 <./Figures/Torus/RealEigenvalues.pdf> <./Figures/Torus/ImaginaryEigenvalue
s.pdf

pdfTeX warning: /Library/TeX/texbin/pdflatex (file ./Figures/Torus/ImaginaryEig
envalues.pdf): PDF inclusion: multiple pdfs with page group included in a singl
e page
> <./Figures/Torus/RealTensorCoeficients.pdf

pdfTeX warning: /Library/TeX/texbin/pdflatex (file ./Figures/Torus/RealTensorCo
eficients.pdf): PDF inclusion: multiple pdfs with page group included in a sing
le page
> <./Figures/Torus/ImaginaryTensorCoeficients.pdf

pdfTeX warning: /Library/TeX/texbin/pdflatex (file ./Figures/Torus/ImaginaryTen
sorCoeficients.pdf): PDF inclusion: multiple pdfs with page group included in a
 single page
>] <Figures/Tetra/RealEigenvalues.pdf, id=1366, 462.52798pt x 346.89601pt>
File: Figures/Tetra/RealEigenvalues.pdf Graphic file (type pdf)

<use Figures/Tetra/RealEigenvalues.pdf>
Package pdftex.def Info: Figures/Tetra/RealEigenvalues.pdf used on input line 3
96.
(pdftex.def)             Requested size: 222.01125pt x 166.50818pt.

<Figures/Tetra/ImaginaryEigenvalues.pdf, id=1367, 462.52798pt x 346.89601pt>
File: Figures/Tetra/ImaginaryEigenvalues.pdf Graphic file (type pdf)

<use Figures/Tetra/ImaginaryEigenvalues.pdf>
Package pdftex.def Info: Figures/Tetra/ImaginaryEigenvalues.pdf used on input l
ine 396.
(pdftex.def)             Requested size: 222.01125pt x 166.50818pt.

<Figures/Tetra/RealTensorCoeficients.pdf, id=1368, 462.52798pt x 346.89601pt>
File: Figures/Tetra/RealTensorCoeficients.pdf Graphic file (type pdf)

<use Figures/Tetra/RealTensorCoeficients.pdf>
Package pdftex.def Info: Figures/Tetra/RealTensorCoeficients.pdf used on input 
line 398.
(pdftex.def)             Requested size: 222.01125pt x 166.50818pt.

<Figures/Tetra/ImaginaryTensorCoeficients.pdf, id=1369, 462.52798pt x 346.89601
pt>
File: Figures/Tetra/ImaginaryTensorCoeficients.pdf Graphic file (type pdf)
 <use Figures/Tetra/ImaginaryTensorCoeficients.pdf>
Package pdftex.def Info: Figures/Tetra/ImaginaryTensorCoeficients.pdf used on i
nput line 398.
(pdftex.def)             Requested size: 222.01125pt x 166.50818pt.

Overfull \hbox (9.05344pt too wide) detected at line 400
[]
 []

[29 <./Figures/TetraInput.png>]
<Figures/DualBarInput.png, id=1381, 445.665pt x 241.90375pt>
File: Figures/DualBarInput.png Graphic file (type png)

<use Figures/DualBarInput.png>
Package pdftex.def Info: Figures/DualBarInput.png used on input line 422.
(pdftex.def)             Requested size: 277.51935pt x 150.63579pt.
 [30 <./Figures/Tetra/RealEigenvalues.pdf> <./Figures/Tetra/ImaginaryEigenvalue
s.pdf

pdfTeX warning: /Library/TeX/texbin/pdflatex (file ./Figures/Tetra/ImaginaryEig
envalues.pdf): PDF inclusion: multiple pdfs with page group included in a singl
e page
> <./Figures/Tetra/RealTensorCoeficients.pdf

pdfTeX warning: /Library/TeX/texbin/pdflatex (file ./Figures/Tetra/RealTensorCo
eficients.pdf): PDF inclusion: multiple pdfs with page group included in a sing
le page
> <./Figures/Tetra/ImaginaryTensorCoeficients.pdf

pdfTeX warning: /Library/TeX/texbin/pdflatex (file ./Figures/Tetra/ImaginaryTen
sorCoeficients.pdf): PDF inclusion: multiple pdfs with page group included in a
 single page
>] <Figures/DualBar/RealEigenvalues.pdf, id=1623, 462.52798pt x 346.89601pt>
File: Figures/DualBar/RealEigenvalues.pdf Graphic file (type pdf)

<use Figures/DualBar/RealEigenvalues.pdf>
Package pdftex.def Info: Figures/DualBar/RealEigenvalues.pdf used on input line
 490.
(pdftex.def)             Requested size: 222.01125pt x 166.50818pt.

<Figures/DualBar/ImaginaryEigenvalues.pdf, id=1624, 462.52798pt x 346.89601pt>
File: Figures/DualBar/ImaginaryEigenvalues.pdf Graphic file (type pdf)

<use Figures/DualBar/ImaginaryEigenvalues.pdf>
Package pdftex.def Info: Figures/DualBar/ImaginaryEigenvalues.pdf used on input
 line 490.
(pdftex.def)             Requested size: 222.01125pt x 166.50818pt.

<Figures/DualBar/RealTensorCoeficients.pdf, id=1625, 462.52798pt x 346.89601pt>
File: Figures/DualBar/RealTensorCoeficients.pdf Graphic file (type pdf)
<use Figures/DualBar/RealTensorCoeficients.pdf>
Package pdftex.def Info: Figures/DualBar/RealTensorCoeficients.pdf used on inpu
t line 492.
(pdftex.def)             Requested size: 222.01125pt x 166.50818pt.

<Figures/DualBar/ImaginaryTensorCoeficients.pdf, id=1626, 462.52798pt x 346.896
01pt>
File: Figures/DualBar/ImaginaryTensorCoeficients.pdf Graphic file (type pdf)
 <use Figures/DualBar/ImaginaryTensorCoeficients.pdf>
Package pdftex.def Info: Figures/DualBar/ImaginaryTensorCoeficients.pdf used on
 input line 492.
(pdftex.def)             Requested size: 222.01125pt x 166.50818pt.

Overfull \hbox (9.05344pt too wide) detected at line 494
[]
 []

[31 <./Figures/DualBarInput.png>]
<Figures/rifleInput.png, id=1640, 676.5275pt x 1030.85126pt>
File: Figures/rifleInput.png Graphic file (type png)

<use Figures/rifleInput.png>
Package pdftex.def Info: Figures/rifleInput.png used on input line 506.
(pdftex.def)             Requested size: 254.39156pt x 387.62215pt.
 [32 <./Figures/DualBar/RealEigenvalues.pdf> <./Figures/DualBar/ImaginaryEigenv
alues.pdf

pdfTeX warning: /Library/TeX/texbin/pdflatex (file ./Figures/DualBar/ImaginaryE
igenvalues.pdf): PDF inclusion: multiple pdfs with page group included in a sin
gle page
> <./Figures/DualBar/RealTensorCoeficients.pdf

pdfTeX warning: /Library/TeX/texbin/pdflatex (file ./Figures/DualBar/RealTensor
Coeficients.pdf): PDF inclusion: multiple pdfs with page group included in a si
ngle page
> <./Figures/DualBar/ImaginaryTensorCoeficients.pdf

pdfTeX warning: /Library/TeX/texbin/pdflatex (file ./Figures/DualBar/ImaginaryT
ensorCoeficients.pdf): PDF inclusion: multiple pdfs with page group included in
 a single page
>] [33 <./Figures/rifleInput.png>]
<Figures/rifle/RealEigenvalues.pdf, id=1876, 462.52798pt x 346.89601pt>
File: Figures/rifle/RealEigenvalues.pdf Graphic file (type pdf)

<use Figures/rifle/RealEigenvalues.pdf>
Package pdftex.def Info: Figures/rifle/RealEigenvalues.pdf used on input line 5
76.
(pdftex.def)             Requested size: 222.01125pt x 166.50818pt.

<Figures/rifle/ImaginaryEigenvalues.pdf, id=1877, 462.52798pt x 346.89601pt>
File: Figures/rifle/ImaginaryEigenvalues.pdf Graphic file (type pdf)

<use Figures/rifle/ImaginaryEigenvalues.pdf>
Package pdftex.def Info: Figures/rifle/ImaginaryEigenvalues.pdf used on input l
ine 576.
(pdftex.def)             Requested size: 222.01125pt x 166.50818pt.

<Figures/rifle/RealTensorCoeficients.pdf, id=1878, 462.52798pt x 346.89601pt>
File: Figures/rifle/RealTensorCoeficients.pdf Graphic file (type pdf)

<use Figures/rifle/RealTensorCoeficients.pdf>
Package pdftex.def Info: Figures/rifle/RealTensorCoeficients.pdf used on input 
line 578.
(pdftex.def)             Requested size: 222.01125pt x 166.50818pt.

<Figures/rifle/ImaginaryTensorCoeficients.pdf, id=1879, 462.52798pt x 346.89601
pt>
File: Figures/rifle/ImaginaryTensorCoeficients.pdf Graphic file (type pdf)
 <use Figures/rifle/ImaginaryTensorCoeficients.pdf>
Package pdftex.def Info: Figures/rifle/ImaginaryTensorCoeficients.pdf used on i
nput line 578.
(pdftex.def)             Requested size: 222.01125pt x 166.50818pt.

Overfull \hbox (9.05344pt too wide) detected at line 580
[]
 []

[34 <./Figures/rifle/RealEigenvalues.pdf> <./Figures/rifle/ImaginaryEigenvalues
.pdf

pdfTeX warning: /Library/TeX/texbin/pdflatex (file ./Figures/rifle/ImaginaryEig
envalues.pdf): PDF inclusion: multiple pdfs with page group included in a singl
e page
> <./Figures/rifle/RealTensorCoeficients.pdf

pdfTeX warning: /Library/TeX/texbin/pdflatex (file ./Figures/rifle/RealTensorCo
eficients.pdf): PDF inclusion: multiple pdfs with page group included in a sing
le page
> <./Figures/rifle/ImaginaryTensorCoeficients.pdf

pdfTeX warning: /Library/TeX/texbin/pdflatex (file ./Figures/rifle/ImaginaryTen
sorCoeficients.pdf): PDF inclusion: multiple pdfs with page group included in a
 single page
>] <Figures/riflethreshold.png, id=2111, 1927.2pt x 1039.885pt>
File: Figures/riflethreshold.png Graphic file (type png)

<use Figures/riflethreshold.png>
Package pdftex.def Info: Figures/riflethreshold.png used on input line 662.
(pdftex.def)             Requested size: 439.39977pt x 237.08989pt.

<Figures/rifleshell.pdf, id=2112, 845.0471pt x 597.51233pt>
File: Figures/rifleshell.pdf Graphic file (type pdf)

<use Figures/rifleshell.pdf>
Package pdftex.def Info: Figures/rifleshell.pdf used on input line 669.
(pdftex.def)             Requested size: 439.39977pt x 310.68996pt.
 [35] [36 <./Figures/riflethreshold.png> <./Figures/rifleshell.pdf, page is rot
ated 90 degrees>]
LaTeX Font Info:    Try loading font information for OMS+cmr on input line 690.


(/usr/local/texlive/2016/texmf-dist/tex/latex/base/omscmr.fd
File: omscmr.fd 2014/09/29 v2.5h Standard LaTeX font definitions
)
LaTeX Font Info:    Font shape `OMS/cmr/m/n' in size <10> not available
(Font)              Font shape `OMS/cmsy/m/n' tried instead on input line 690.
) [37]
(./PythonCodeDocumentation.bbl)
Package atveryend Info: Empty hook `BeforeClearDocument' on input line 160.
 [38]
Package atveryend Info: Empty hook `AfterLastShipout' on input line 160.
 (./PythonCodeDocumentation.aux)
Package atveryend Info: Executing hook `AtVeryEndDocument' on input line 160.
Package atveryend Info: Executing hook `AtEndAfterFileList' on input line 160.
Package rerunfilecheck Info: File `PythonCodeDocumentation.out' has not changed
.
(rerunfilecheck)             Checksum: C8673F1AFA92AD9310CB37F281F4F61C;2172.


LaTeX Warning: There were undefined references.

Package atveryend Info: Empty hook `AtVeryVeryEnd' on input line 160.
 ) 
Here is how much of TeX's memory you used:
 9855 strings out of 493014
 150294 string characters out of 6133350
 255224 words of memory out of 5000000
 12986 multiletter control sequences out of 15000+600000
 24049 words of font info for 86 fonts, out of 8000000 for 9000
 1141 hyphenation exceptions out of 8191
 41i,16n,77p,1668b,460s stack positions out of 5000i,500n,10000p,200000b,80000s
</usr/local/texlive/2016/texmf-dist/fonts/type1/public/amsfonts/cm/cmbx10.pfb
></usr/local/texlive/2016/texmf-dist/fonts/type1/public/amsfonts/cm/cmbx12.pfb>
</usr/local/texlive/2016/texmf-dist/fonts/type1/public/amsfonts/cm/cmbx8.pfb></
usr/local/texlive/2016/texmf-dist/fonts/type1/public/amsfonts/cm/cmmi10.pfb></u
sr/local/texlive/2016/texmf-dist/fonts/type1/public/amsfonts/cm/cmmi5.pfb></usr
/local/texlive/2016/texmf-dist/fonts/type1/public/amsfonts/cm/cmmi6.pfb></usr/l
ocal/texlive/2016/texmf-dist/fonts/type1/public/amsfonts/cm/cmmi7.pfb></usr/loc
al/texlive/2016/texmf-dist/fonts/type1/public/amsfonts/cm/cmmi8.pfb></usr/local
/texlive/2016/texmf-dist/fonts/type1/public/amsfonts/cm/cmmib10.pfb></usr/local
/texlive/2016/texmf-dist/fonts/type1/public/amsfonts/cmextra/cmmib7.pfb></usr/l
ocal/texlive/2016/texmf-dist/fonts/type1/public/amsfonts/cm/cmr10.pfb></usr/loc
al/texlive/2016/texmf-dist/fonts/type1/public/amsfonts/cm/cmr12.pfb></usr/local
/texlive/2016/texmf-dist/fonts/type1/public/amsfonts/cm/cmr17.pfb></usr/local/t
exlive/2016/texmf-dist/fonts/type1/public/amsfonts/cm/cmr6.pfb></usr/local/texl
ive/2016/texmf-dist/fonts/type1/public/amsfonts/cm/cmr7.pfb></usr/local/texlive
/2016/texmf-dist/fonts/type1/public/amsfonts/cm/cmr8.pfb></usr/local/texlive/20
16/texmf-dist/fonts/type1/public/amsfonts/cm/cmsy10.pfb></usr/local/texlive/201
6/texmf-dist/fonts/type1/public/amsfonts/cm/cmsy8.pfb></usr/local/texlive/2016/
texmf-dist/fonts/type1/public/amsfonts/cm/cmti10.pfb></usr/local/texlive/2016/t
exmf-dist/fonts/type1/public/amsfonts/cm/cmtt10.pfb></usr/local/texlive/2016/te
xmf-dist/fonts/type1/public/amsfonts/cm/cmtt12.pfb></usr/local/texlive/2016/tex
mf-dist/fonts/type1/public/amsfonts/cm/cmtt8.pfb></usr/local/texlive/2016/texmf
-dist/fonts/type1/public/mathabx-type1/matha10.pfb></usr/local/texlive/2016/tex
mf-dist/fonts/type1/public/mathabx-type1/matha6.pfb></usr/local/texlive/2016/te
xmf-dist/fonts/type1/public/mathabx-type1/matha7.pfb></usr/local/texlive/2016/t
exmf-dist/fonts/type1/public/mathabx-type1/matha8.pfb></usr/local/texlive/2016/
texmf-dist/fonts/type1/public/mathabx-type1/mathx10.pfb></usr/local/texlive/201
6/texmf-dist/fonts/type1/public/amsfonts/symbols/msbm10.pfb>
Output written on PythonCodeDocumentation.pdf (38 pages, 2411746 bytes).
PDF statistics:
 2290 PDF objects out of 2487 (max. 8388607)
 1058 compressed objects within 11 object streams
 169 named destinations out of 1000 (max. 500000)
 511 words of extra memory for PDF output out of 10000 (max. 10000000)

