\BOOKMARK [1][-]{section.1}{Introduction}{}% 1
\BOOKMARK [1][-]{section.2}{The eddy-current model and asymptotic expansion}{}% 2
\BOOKMARK [2][-]{subsection.2.1}{Eddy-current model}{section.2}% 3
\BOOKMARK [3][-]{subsubsection.2.1.1}{Metal Detection Forward Problem}{subsection.2.1}% 4
\BOOKMARK [3][-]{subsubsection.2.1.2}{Metal Detection Inverse Problem}{subsection.2.1}% 5
\BOOKMARK [2][-]{subsection.2.2}{The asymptotic expansion}{section.2}% 6
\BOOKMARK [2][-]{subsection.2.3}{Calculating the Magnetic Polarizability Tensor}{section.2}% 7
\BOOKMARK [1][-]{section.3}{Installation}{}% 8
\BOOKMARK [1][-]{section.4}{Overview and structure of the code}{}% 9
\BOOKMARK [2][-]{subsection.4.1}{User input files}{section.4}% 10
\BOOKMARK [3][-]{subsubsection.4.1.1}{main.py}{subsection.4.1}% 11
\BOOKMARK [3][-]{subsubsection.4.1.2}{Settings/Settings.py}{subsection.4.1}% 12
\BOOKMARK [3][-]{subsubsection.4.1.3}{Settings/PlotterSettings.py}{subsection.4.1}% 13
\BOOKMARK [2][-]{subsection.4.2}{Output files}{section.4}% 14
\BOOKMARK [3][-]{subsubsection.4.2.1}{Single frequency output}{subsection.4.2}% 15
\BOOKMARK [3][-]{subsubsection.4.2.2}{Full order frequency sweep output}{subsection.4.2}% 16
\BOOKMARK [3][-]{subsubsection.4.2.3}{POD frequency sweep output}{subsection.4.2}% 17
\BOOKMARK [1][-]{section.5}{Creating your own geometry file}{}% 18
\BOOKMARK [2][-]{subsection.5.1}{Truncating the domain}{section.5}% 19
\BOOKMARK [2][-]{subsection.5.2}{Defining material properties}{section.5}% 20
\BOOKMARK [1][-]{section.6}{Examples}{}% 21
\BOOKMARK [2][-]{subsection.6.1}{Sphere}{section.6}% 22
\BOOKMARK [3][-]{subsubsection.6.1.1}{Single frequency sweep for a sphere}{subsection.6.1}% 23
\BOOKMARK [3][-]{subsubsection.6.1.2}{Full order frequency sweep for a sphere}{subsection.6.1}% 24
\BOOKMARK [3][-]{subsubsection.6.1.3}{POD frequency sweep for a sphere}{subsection.6.1}% 25
\BOOKMARK [2][-]{subsection.6.2}{Torus}{section.6}% 26
\BOOKMARK [2][-]{subsection.6.3}{Tetrahedron}{section.6}% 27
\BOOKMARK [2][-]{subsection.6.4}{Dual Bar}{section.6}% 28
\BOOKMARK [2][-]{subsection.6.5}{Rifle shell casing}{section.6}% 29
\BOOKMARK [1][-]{section.7}{Citation}{}% 30
